xrun(64): 21.09-s007: (c) Copyright 1995-2022 Cadence Design Systems, Inc.
TOOL:	xrun(64)	21.09-s007: Started on Sep 10, 2024 at 17:56:42 UTC
xrun
	-sv
	rtl/gemm.sv
	rtl/adder_tree.sv
	tb/gemm_tb.sv
SOFTINCLUDE $XPEDION/aa/cds.lib
|
xrun: *W,DLCVAR (/apps/cadence/IC/6.18.350/tools/dfII/local/cds.lib,10): cds.lib Invalid environment variable ''.
SOFTINCLUDE $EMXHOME/emxinterface/cds.lib
|
xrun: *W,DLCVAR (/apps/cadence/IC/6.18.350/tools/dfII/local/cds.lib,12): cds.lib Invalid environment variable ''.
SOFTINCLUDE $XPEDION/aa/cds.lib
|
xrun: *W,DLCVAR (/apps/cadence/IC/6.18.350/tools/dfII/local/cds.lib,10): cds.lib Invalid environment variable ''.
SOFTINCLUDE $EMXHOME/emxinterface/cds.lib
|
xrun: *W,DLCVAR (/apps/cadence/IC/6.18.350/tools/dfII/local/cds.lib,12): cds.lib Invalid environment variable ''.
SOFTINCLUDE $XPEDION/aa/cds.lib
|
xrun: *W,DLCVAR (/apps/cadence/IC/6.18.350/tools/dfII/local/cds.lib,10): cds.lib Invalid environment variable ''.
SOFTINCLUDE $EMXHOME/emxinterface/cds.lib
|
xrun: *W,DLCVAR (/apps/cadence/IC/6.18.350/tools/dfII/local/cds.lib,12): cds.lib Invalid environment variable ''.
SOFTINCLUDE $XPEDION/aa/cds.lib
|
xrun: *W,DLCVAR (/apps/cadence/IC/6.18.350/tools/dfII/local/cds.lib,10): cds.lib Invalid environment variable ''.
SOFTINCLUDE $EMXHOME/emxinterface/cds.lib
|
xrun: *W,DLCVAR (/apps/cadence/IC/6.18.350/tools/dfII/local/cds.lib,12): cds.lib Invalid environment variable ''.
Recompiling... reason: file './rtl/adder_tree.sv' is newer than expected.
	expected: Tue Sep 10 17:47:37 2024
	actual:   Tue Sep 10 17:56:31 2024
SOFTINCLUDE $XPEDION/aa/cds.lib
|
xrun: *W,DLCVAR (/apps/cadence/IC/6.18.350/tools/dfII/local/cds.lib,10): cds.lib Invalid environment variable ''.
SOFTINCLUDE $EMXHOME/emxinterface/cds.lib
|
xrun: *W,DLCVAR (/apps/cadence/IC/6.18.350/tools/dfII/local/cds.lib,12): cds.lib Invalid environment variable ''.
SOFTINCLUDE $XPEDION/aa/cds.lib
|
xmvlog: *W,DLCVAR (/apps/cadence/IC/6.18.350/tools/dfII/local/cds.lib,10): cds.lib Invalid environment variable ''.
SOFTINCLUDE $EMXHOME/emxinterface/cds.lib
|
xmvlog: *W,DLCVAR (/apps/cadence/IC/6.18.350/tools/dfII/local/cds.lib,12): cds.lib Invalid environment variable ''.
file: rtl/gemm.sv
	module worklib.mac_vector_adder_tree:sv
		errors: 0, warnings: 0
file: rtl/adder_tree.sv
	module worklib.adder_tree_8:sv
		errors: 0, warnings: 0
	Total errors/warnings found outside modules and primitives:
		errors: 0, warnings: 2
SOFTINCLUDE $XPEDION/aa/cds.lib
|
xrun: *W,DLCVAR (/apps/cadence/IC/6.18.350/tools/dfII/local/cds.lib,10): cds.lib Invalid environment variable ''.
SOFTINCLUDE $EMXHOME/emxinterface/cds.lib
|
xrun: *W,DLCVAR (/apps/cadence/IC/6.18.350/tools/dfII/local/cds.lib,12): cds.lib Invalid environment variable ''.
SOFTINCLUDE $XPEDION/aa/cds.lib
|
xrun: *W,DLCVAR (/apps/cadence/IC/6.18.350/tools/dfII/local/cds.lib,10): cds.lib Invalid environment variable ''.
SOFTINCLUDE $EMXHOME/emxinterface/cds.lib
|
xrun: *W,DLCVAR (/apps/cadence/IC/6.18.350/tools/dfII/local/cds.lib,12): cds.lib Invalid environment variable ''.
SOFTINCLUDE $XPEDION/aa/cds.lib
|
xmelab: *W,DLCVAR (/apps/cadence/IC/6.18.350/tools/dfII/local/cds.lib,10): cds.lib Invalid environment variable ''.
SOFTINCLUDE $EMXHOME/emxinterface/cds.lib
|
xmelab: *W,DLCVAR (/apps/cadence/IC/6.18.350/tools/dfII/local/cds.lib,12): cds.lib Invalid environment variable ''.
		Caching library 'worklib' ....... Done
	Elaborating the design hierarchy:
	Top level design units:
		adder_tree_16
		tb_mac_vector_adder_tree
xmelab: *W,DSEMEL: This SystemVerilog design will be simulated as per IEEE 1800-2009 SystemVerilog simulation semantics. Use -disable_sem2009 option for turning off SV 2009 simulation semantics.
	Building instance overlay tables: .................... Done
	Generating native compiled code:
SOFTINCLUDE $XPEDION/aa/cds.lib
|
xmvlog_cg: *W,DLCVAR (/apps/cadence/IC/6.18.350/tools/dfII/local/cds.lib,10): cds.lib Invalid environment variable ''.
SOFTINCLUDE $EMXHOME/emxinterface/cds.lib
|
xmvlog_cg: *W,DLCVAR (/apps/cadence/IC/6.18.350/tools/dfII/local/cds.lib,12): cds.lib Invalid environment variable ''.
		worklib.mac_vector_adder_tree:sv <0x03a621e4>
			streams:   5, words:  6539
		worklib.tb_mac_vector_adder_tree:sv <0x04d53f1d>
			streams:   4, words:  5888
		worklib.adder_tree_8:sv <0x75f35893>
			streams:   4, words:   820
	Building instance specific data structures.
	Loading native compiled code:     .................... Done
	Design hierarchy summary:
		              Instances  Unique
		Modules:              4       4
		Registers:           12      12
		Scalar wires:         2       -
		Vectored wires:      30       -
		Always blocks:        2       2
		Initial blocks:       1       1
		Cont. assignments:    8       9
		Pseudo assignments:   4       4
	Writing initial simulation snapshot: worklib.adder_tree_16:sv
SOFTINCLUDE $XPEDION/aa/cds.lib
|
xmsim: *W,DLCVAR (/apps/cadence/IC/6.18.350/tools/dfII/local/cds.lib,10): cds.lib Invalid environment variable ''.
SOFTINCLUDE $EMXHOME/emxinterface/cds.lib
|
xmsim: *W,DLCVAR (/apps/cadence/IC/6.18.350/tools/dfII/local/cds.lib,12): cds.lib Invalid environment variable ''.
Loading snapshot worklib.adder_tree_16:sv .................... Done
xmsim: *W,DSEM2009: This SystemVerilog design is simulated as per IEEE 1800-2009 SystemVerilog simulation semantics. Use -disable_sem2009 option for turning off SV 2009 simulation semantics.
xcelium> source /apps/cadence/XCELIUM/21.09.007/tools/xcelium/files/xmsimrc
xcelium> run
Final MAC result:         116
Simulation complete via $finish(1) at time 120 NS + 0
./tb/gemm_tb.sv:50         #10 $finish;
xcelium> exit
TOOL:	xrun(64)	21.09-s007: Exiting on Sep 10, 2024 at 17:56:45 UTC  (total: 00:00:03)
